{"/Users/joshbryson/react_tdd/lootcheck/src/setupTests.js": {"path":"/Users/joshbryson/react_tdd/lootcheck/src/setupTests.js","statementMap":{"0":{"start":{"line":6,"column":0},"end":{"line":6,"column":69}}},"fnMap":{},"branchMap":{},"s":{"0":8},"f":{},"b":{},"_coverageSchema":"332fd63041d2c1bcb487cc26dd0d5f7d97098a6c","hash":"bfeda6e546f24fa30b21ddc18d28ea486bf56e7a"}
,"/Users/joshbryson/react_tdd/lootcheck/src/tempPolyfills.js": {"path":"/Users/joshbryson/react_tdd/lootcheck/src/tempPolyfills.js","statementMap":{"0":{"start":{"line":3,"column":30},"end":{"line":5,"column":1}},"1":{"start":{"line":4,"column":4},"end":{"line":4,"column":28}}},"fnMap":{"0":{"name":"(anonymous_0)","decl":{"start":{"line":3,"column":61},"end":{"line":3,"column":62}},"loc":{"start":{"line":3,"column":73},"end":{"line":5,"column":1}},"line":3}},"branchMap":{},"s":{"0":8,"1":0},"f":{"0":0},"b":{},"_coverageSchema":"332fd63041d2c1bcb487cc26dd0d5f7d97098a6c","hash":"8b4b167c11650a69eac31fbd0556e93d906c5996"}
,"/Users/joshbryson/react_tdd/lootcheck/src/actions/balance.js": {"path":"/Users/joshbryson/react_tdd/lootcheck/src/actions/balance.js","statementMap":{"0":{"start":{"line":3,"column":26},"end":{"line":8,"column":1}},"1":{"start":{"line":4,"column":4},"end":{"line":7,"column":5}},"2":{"start":{"line":10,"column":23},"end":{"line":15,"column":1}},"3":{"start":{"line":11,"column":4},"end":{"line":14,"column":5}},"4":{"start":{"line":17,"column":24},"end":{"line":22,"column":1}},"5":{"start":{"line":18,"column":4},"end":{"line":21,"column":5}}},"fnMap":{"0":{"name":"(anonymous_0)","decl":{"start":{"line":3,"column":26},"end":{"line":3,"column":27}},"loc":{"start":{"line":3,"column":37},"end":{"line":8,"column":1}},"line":3},"1":{"name":"(anonymous_1)","decl":{"start":{"line":10,"column":23},"end":{"line":10,"column":24}},"loc":{"start":{"line":10,"column":34},"end":{"line":15,"column":1}},"line":10},"2":{"name":"(anonymous_2)","decl":{"start":{"line":17,"column":24},"end":{"line":17,"column":25}},"loc":{"start":{"line":17,"column":38},"end":{"line":22,"column":1}},"line":17}},"branchMap":{},"s":{"0":3,"1":1,"2":3,"3":1,"4":3,"5":1},"f":{"0":1,"1":1,"2":1},"b":{},"_coverageSchema":"332fd63041d2c1bcb487cc26dd0d5f7d97098a6c","hash":"903c287e8e7c161e72cf9a61ecb223212d12448e"}
,"/Users/joshbryson/react_tdd/lootcheck/src/actions/bitcoin.js": {"path":"/Users/joshbryson/react_tdd/lootcheck/src/actions/bitcoin.js","statementMap":{"0":{"start":{"line":3,"column":28},"end":{"line":9,"column":1}},"1":{"start":{"line":4,"column":4},"end":{"line":8,"column":5}},"2":{"start":{"line":5,"column":8},"end":{"line":7,"column":76}},"3":{"start":{"line":6,"column":30},"end":{"line":6,"column":45}},"4":{"start":{"line":7,"column":26},"end":{"line":7,"column":74}}},"fnMap":{"0":{"name":"(anonymous_0)","decl":{"start":{"line":3,"column":28},"end":{"line":3,"column":29}},"loc":{"start":{"line":3,"column":34},"end":{"line":9,"column":1}},"line":3},"1":{"name":"(anonymous_1)","decl":{"start":{"line":4,"column":11},"end":{"line":4,"column":12}},"loc":{"start":{"line":4,"column":23},"end":{"line":8,"column":5}},"line":4},"2":{"name":"(anonymous_2)","decl":{"start":{"line":6,"column":18},"end":{"line":6,"column":19}},"loc":{"start":{"line":6,"column":30},"end":{"line":6,"column":45}},"line":6},"3":{"name":"(anonymous_3)","decl":{"start":{"line":7,"column":18},"end":{"line":7,"column":19}},"loc":{"start":{"line":7,"column":26},"end":{"line":7,"column":74}},"line":7}},"branchMap":{},"s":{"0":3,"1":1,"2":1,"3":1,"4":1},"f":{"0":1,"1":1,"2":1,"3":1},"b":{},"_coverageSchema":"332fd63041d2c1bcb487cc26dd0d5f7d97098a6c","hash":"36ee6313a415dc381693fa43785ed54b029f4a2d"}
,"/Users/joshbryson/react_tdd/lootcheck/src/actions/constants.js": {"path":"/Users/joshbryson/react_tdd/lootcheck/src/actions/constants.js","statementMap":{"0":{"start":{"line":1,"column":27},"end":{"line":1,"column":40}},"1":{"start":{"line":2,"column":23},"end":{"line":2,"column":32}},"2":{"start":{"line":3,"column":24},"end":{"line":3,"column":34}},"3":{"start":{"line":4,"column":29},"end":{"line":4,"column":44}}},"fnMap":{},"branchMap":{},"s":{"0":8,"1":8,"2":8,"3":8},"f":{},"b":{},"_coverageSchema":"332fd63041d2c1bcb487cc26dd0d5f7d97098a6c","hash":"2f623814f81a51cf5586d0aa2f308651cafff379"}
,"/Users/joshbryson/react_tdd/lootcheck/src/components/app.js": {"path":"/Users/joshbryson/react_tdd/lootcheck/src/components/app.js","statementMap":{"0":{"start":{"line":5,"column":12},"end":{"line":15,"column":1}},"1":{"start":{"line":6,"column":4},"end":{"line":14,"column":5}}},"fnMap":{"0":{"name":"(anonymous_0)","decl":{"start":{"line":5,"column":12},"end":{"line":5,"column":13}},"loc":{"start":{"line":5,"column":19},"end":{"line":15,"column":1}},"line":5}},"branchMap":{},"s":{"0":1,"1":1},"f":{"0":1},"b":{},"_coverageSchema":"332fd63041d2c1bcb487cc26dd0d5f7d97098a6c","hash":"870e938906f71984cf9b82531cb5f261ba8947f5"}
,"/Users/joshbryson/react_tdd/lootcheck/src/components/loot.js": {"path":"/Users/joshbryson/react_tdd/lootcheck/src/components/loot.js","statementMap":{"0":{"start":{"line":7,"column":8},"end":{"line":7,"column":34}},"1":{"start":{"line":11,"column":28},"end":{"line":11,"column":38}},"2":{"start":{"line":13,"column":8},"end":{"line":13,"column":57}},"3":{"start":{"line":13,"column":47},"end":{"line":13,"column":57}},"4":{"start":{"line":15,"column":8},"end":{"line":15,"column":88}},"5":{"start":{"line":19,"column":8},"end":{"line":21,"column":9}},"6":{"start":{"line":25,"column":32},"end":{"line":25,"column":37}}},"fnMap":{"0":{"name":"(anonymous_0)","decl":{"start":{"line":6,"column":4},"end":{"line":6,"column":5}},"loc":{"start":{"line":6,"column":24},"end":{"line":8,"column":5}},"line":6},"1":{"name":"(anonymous_1)","decl":{"start":{"line":10,"column":4},"end":{"line":10,"column":5}},"loc":{"start":{"line":10,"column":21},"end":{"line":16,"column":5}},"line":10},"2":{"name":"(anonymous_2)","decl":{"start":{"line":18,"column":4},"end":{"line":18,"column":5}},"loc":{"start":{"line":18,"column":13},"end":{"line":22,"column":5}},"line":18},"3":{"name":"(anonymous_3)","decl":{"start":{"line":25,"column":23},"end":{"line":25,"column":24}},"loc":{"start":{"line":25,"column":32},"end":{"line":25,"column":37}},"line":25}},"branchMap":{"0":{"loc":{"start":{"line":13,"column":8},"end":{"line":13,"column":57}},"type":"if","locations":[{"start":{"line":13,"column":8},"end":{"line":13,"column":57}},{"start":{"line":13,"column":8},"end":{"line":13,"column":57}}],"line":13}},"s":{"0":1,"1":3,"2":3,"3":2,"4":1,"5":3,"6":0},"f":{"0":1,"1":3,"2":3,"3":0},"b":{"0":[2,1]},"_coverageSchema":"332fd63041d2c1bcb487cc26dd0d5f7d97098a6c","hash":"b51974401b267a1a71cd82adabafb2f126b44bbc"}
,"/Users/joshbryson/react_tdd/lootcheck/src/components/wallet.js": {"path":"/Users/joshbryson/react_tdd/lootcheck/src/components/wallet.js","statementMap":{"0":{"start":{"line":7,"column":8},"end":{"line":7,"column":16}},"1":{"start":{"line":9,"column":8},"end":{"line":9,"column":44}},"2":{"start":{"line":12,"column":29},"end":{"line":12,"column":89}},"3":{"start":{"line":14,"column":20},"end":{"line":14,"column":58}},"4":{"start":{"line":16,"column":21},"end":{"line":16,"column":60}},"5":{"start":{"line":19,"column":8},"end":{"line":27,"column":9}},"6":{"start":{"line":31,"column":34},"end":{"line":31,"column":67}}},"fnMap":{"0":{"name":"(anonymous_0)","decl":{"start":{"line":6,"column":4},"end":{"line":6,"column":5}},"loc":{"start":{"line":6,"column":18},"end":{"line":10,"column":5}},"line":6},"1":{"name":"(anonymous_1)","decl":{"start":{"line":12,"column":20},"end":{"line":12,"column":21}},"loc":{"start":{"line":12,"column":29},"end":{"line":12,"column":89}},"line":12},"2":{"name":"(anonymous_2)","decl":{"start":{"line":14,"column":14},"end":{"line":14,"column":15}},"loc":{"start":{"line":14,"column":20},"end":{"line":14,"column":58}},"line":14},"3":{"name":"(anonymous_3)","decl":{"start":{"line":16,"column":15},"end":{"line":16,"column":16}},"loc":{"start":{"line":16,"column":21},"end":{"line":16,"column":60}},"line":16},"4":{"name":"(anonymous_4)","decl":{"start":{"line":18,"column":4},"end":{"line":18,"column":5}},"loc":{"start":{"line":18,"column":13},"end":{"line":28,"column":5}},"line":18},"5":{"name":"(anonymous_5)","decl":{"start":{"line":31,"column":23},"end":{"line":31,"column":24}},"loc":{"start":{"line":31,"column":32},"end":{"line":31,"column":69}},"line":31}},"branchMap":{},"s":{"0":1,"1":1,"2":3,"3":1,"4":1,"5":4,"6":0},"f":{"0":1,"1":3,"2":1,"3":1,"4":4,"5":0},"b":{},"_coverageSchema":"332fd63041d2c1bcb487cc26dd0d5f7d97098a6c","hash":"00fdb2eae04467691b40134eddf564146945f343"}
,"/Users/joshbryson/react_tdd/lootcheck/src/reducers/balance.js": {"path":"/Users/joshbryson/react_tdd/lootcheck/src/reducers/balance.js","statementMap":{"0":{"start":{"line":4,"column":23},"end":{"line":4,"column":39}},"1":{"start":{"line":6,"column":16},"end":{"line":26,"column":1}},"2":{"start":{"line":9,"column":4},"end":{"line":21,"column":5}},"3":{"start":{"line":11,"column":12},"end":{"line":11,"column":37}},"4":{"start":{"line":12,"column":12},"end":{"line":12,"column":18}},"5":{"start":{"line":14,"column":12},"end":{"line":14,"column":45}},"6":{"start":{"line":15,"column":12},"end":{"line":15,"column":18}},"7":{"start":{"line":17,"column":12},"end":{"line":17,"column":48}},"8":{"start":{"line":18,"column":12},"end":{"line":18,"column":18}},"9":{"start":{"line":20,"column":12},"end":{"line":20,"column":73}},"10":{"start":{"line":23,"column":4},"end":{"line":23,"column":41}},"11":{"start":{"line":25,"column":4},"end":{"line":25,"column":19}}},"fnMap":{"0":{"name":"(anonymous_0)","decl":{"start":{"line":6,"column":16},"end":{"line":6,"column":17}},"loc":{"start":{"line":6,"column":39},"end":{"line":26,"column":1}},"line":6}},"branchMap":{"0":{"loc":{"start":{"line":6,"column":17},"end":{"line":6,"column":26}},"type":"default-arg","locations":[{"start":{"line":6,"column":25},"end":{"line":6,"column":26}}],"line":6},"1":{"loc":{"start":{"line":9,"column":4},"end":{"line":21,"column":5}},"type":"switch","locations":[{"start":{"line":10,"column":8},"end":{"line":12,"column":18}},{"start":{"line":13,"column":8},"end":{"line":15,"column":18}},{"start":{"line":16,"column":8},"end":{"line":18,"column":18}},{"start":{"line":19,"column":8},"end":{"line":20,"column":73}}],"line":9},"2":{"loc":{"start":{"line":20,"column":22},"end":{"line":20,"column":72}},"type":"binary-expr","locations":[{"start":{"line":20,"column":22},"end":{"line":20,"column":63}},{"start":{"line":20,"column":67},"end":{"line":20,"column":72}}],"line":20}},"s":{"0":2,"1":2,"2":7,"3":1,"4":1,"5":1,"6":1,"7":1,"8":1,"9":4,"10":7,"11":7},"f":{"0":7},"b":{"0":[5],"1":[1,1,1,4],"2":[4,3]},"_coverageSchema":"332fd63041d2c1bcb487cc26dd0d5f7d97098a6c","hash":"8ee62bab67ea1dc456cbb79dd6aec229946dde7e"}
,"/Users/joshbryson/react_tdd/lootcheck/src/reducers/bitcoin.js": {"path":"/Users/joshbryson/react_tdd/lootcheck/src/reducers/bitcoin.js","statementMap":{"0":{"start":{"line":3,"column":16},"end":{"line":10,"column":1}},"1":{"start":{"line":4,"column":4},"end":{"line":9,"column":5}},"2":{"start":{"line":6,"column":12},"end":{"line":6,"column":34}},"3":{"start":{"line":8,"column":12},"end":{"line":8,"column":25}}},"fnMap":{"0":{"name":"(anonymous_0)","decl":{"start":{"line":3,"column":16},"end":{"line":3,"column":17}},"loc":{"start":{"line":3,"column":40},"end":{"line":10,"column":1}},"line":3}},"branchMap":{"0":{"loc":{"start":{"line":3,"column":17},"end":{"line":3,"column":27}},"type":"default-arg","locations":[{"start":{"line":3,"column":25},"end":{"line":3,"column":27}}],"line":3},"1":{"loc":{"start":{"line":4,"column":4},"end":{"line":9,"column":5}},"type":"switch","locations":[{"start":{"line":5,"column":8},"end":{"line":6,"column":34}},{"start":{"line":7,"column":8},"end":{"line":8,"column":25}}],"line":4}},"s":{"0":2,"1":4,"2":1,"3":3},"f":{"0":4},"b":{"0":[3],"1":[1,3]},"_coverageSchema":"332fd63041d2c1bcb487cc26dd0d5f7d97098a6c","hash":"e6e771dc295acb8b2451680f5f6ed676419139a6"}
,"/Users/joshbryson/react_tdd/lootcheck/src/reducers/index.js": {"path":"/Users/joshbryson/react_tdd/lootcheck/src/reducers/index.js","statementMap":{},"fnMap":{},"branchMap":{},"s":{},"f":{},"b":{},"_coverageSchema":"332fd63041d2c1bcb487cc26dd0d5f7d97098a6c","hash":"e12552a4a11f7fb6d15ff1d009a37e9a3caa8b05"}
}
