TN:
SF:/Users/joshbryson/react_tdd/lootcheck/src/setupTests.js
FNF:0
FNH:0
DA:6,8
LF:1
LH:1
BRF:0
BRH:0
end_of_record
TN:
SF:/Users/joshbryson/react_tdd/lootcheck/src/tempPolyfills.js
FN:3,(anonymous_0)
FNF:1
FNH:0
FNDA:0,(anonymous_0)
DA:3,8
DA:4,0
LF:2
LH:1
BRF:0
BRH:0
end_of_record
TN:
SF:/Users/joshbryson/react_tdd/lootcheck/src/actions/balance.js
FN:3,(anonymous_0)
FN:10,(anonymous_1)
FN:17,(anonymous_2)
FNF:3
FNH:3
FNDA:1,(anonymous_0)
FNDA:1,(anonymous_1)
FNDA:1,(anonymous_2)
DA:3,3
DA:4,1
DA:10,3
DA:11,1
DA:17,3
DA:18,1
LF:6
LH:6
BRF:0
BRH:0
end_of_record
TN:
SF:/Users/joshbryson/react_tdd/lootcheck/src/actions/bitcoin.js
FN:3,(anonymous_0)
FN:4,(anonymous_1)
FN:6,(anonymous_2)
FN:7,(anonymous_3)
FNF:4
FNH:4
FNDA:1,(anonymous_0)
FNDA:1,(anonymous_1)
FNDA:1,(anonymous_2)
FNDA:1,(anonymous_3)
DA:3,3
DA:4,1
DA:5,1
DA:6,1
DA:7,1
LF:5
LH:5
BRF:0
BRH:0
end_of_record
TN:
SF:/Users/joshbryson/react_tdd/lootcheck/src/actions/constants.js
FNF:0
FNH:0
DA:1,8
DA:2,8
DA:3,8
DA:4,8
LF:4
LH:4
BRF:0
BRH:0
end_of_record
TN:
SF:/Users/joshbryson/react_tdd/lootcheck/src/components/app.js
FN:5,(anonymous_0)
FNF:1
FNH:1
FNDA:1,(anonymous_0)
DA:5,1
DA:6,1
LF:2
LH:2
BRF:0
BRH:0
end_of_record
TN:
SF:/Users/joshbryson/react_tdd/lootcheck/src/components/loot.js
FN:6,(anonymous_0)
FN:10,(anonymous_1)
FN:18,(anonymous_2)
FN:25,(anonymous_3)
FNF:4
FNH:3
FNDA:1,(anonymous_0)
FNDA:3,(anonymous_1)
FNDA:3,(anonymous_2)
FNDA:0,(anonymous_3)
DA:7,1
DA:11,3
DA:13,3
DA:15,1
DA:19,3
DA:25,0
LF:6
LH:5
BRDA:13,0,0,2
BRDA:13,0,1,1
BRF:2
BRH:2
end_of_record
TN:
SF:/Users/joshbryson/react_tdd/lootcheck/src/components/wallet.js
FN:6,(anonymous_0)
FN:12,(anonymous_1)
FN:14,(anonymous_2)
FN:16,(anonymous_3)
FN:18,(anonymous_4)
FN:31,(anonymous_5)
FNF:6
FNH:5
FNDA:1,(anonymous_0)
FNDA:3,(anonymous_1)
FNDA:1,(anonymous_2)
FNDA:1,(anonymous_3)
FNDA:4,(anonymous_4)
FNDA:0,(anonymous_5)
DA:7,1
DA:9,1
DA:12,3
DA:14,1
DA:16,1
DA:19,4
DA:31,0
LF:7
LH:6
BRF:0
BRH:0
end_of_record
TN:
SF:/Users/joshbryson/react_tdd/lootcheck/src/reducers/balance.js
FN:6,(anonymous_0)
FNF:1
FNH:1
FNDA:7,(anonymous_0)
DA:4,2
DA:6,2
DA:9,7
DA:11,1
DA:12,1
DA:14,1
DA:15,1
DA:17,1
DA:18,1
DA:20,4
DA:23,7
DA:25,7
LF:12
LH:12
BRDA:6,0,0,5
BRDA:9,1,0,1
BRDA:9,1,1,1
BRDA:9,1,2,1
BRDA:9,1,3,4
BRDA:20,2,0,4
BRDA:20,2,1,3
BRF:7
BRH:7
end_of_record
TN:
SF:/Users/joshbryson/react_tdd/lootcheck/src/reducers/bitcoin.js
FN:3,(anonymous_0)
FNF:1
FNH:1
FNDA:4,(anonymous_0)
DA:3,2
DA:4,4
DA:6,1
DA:8,3
LF:4
LH:4
BRDA:3,0,0,3
BRDA:4,1,0,1
BRDA:4,1,1,3
BRF:3
BRH:3
end_of_record
TN:
SF:/Users/joshbryson/react_tdd/lootcheck/src/reducers/index.js
FNF:0
FNH:0
LF:0
LH:0
BRF:0
BRH:0
end_of_record
